hz_biss/android/app/build/outputs/logs/manifest-merger-release-report.txt
-- Merging decision tree log ---
meta-data#JPUSH_APPKEY
INJECTED from src/main/AndroidManifest.xml:53:5-55:43
	android:value
		INJECTED from src/main/AndroidManifest.xml
		ADDED from src/main/AndroidManifest.xml:55:9-40
	android:name
		ADDED from src/main/AndroidManifest.xml:54:9-36
meta-data#JPUSH_CHANNEL
INJECTED from src/main/AndroidManifest.xml:56:5-58:42
	android:value
		INJECTED from src/main/AndroidManifest.xml
		ADDED from src/main/AndroidManifest.xml:58:9-39
	android:name
		ADDED from src/main/AndroidManifest.xml:57:9-37
manifest
ADDED from src/main/AndroidManifest.xml:1:1-63:12
INJECTED from src/main/AndroidManifest.xml:1:1-63:12
INJECTED from src/main/AndroidManifest.xml:1:1-63:12
INJECTED from src/main/AndroidManifest.xml:1:1-63:12
MERGED from [:react-native-view-shot] AndroidManifest.xml:2:1-11:12
MERGED from [:react-native-image-picker] AndroidManifest.xml:2:1-23:12
MERGED from [:react-native-webview-plugin] AndroidManifest.xml:2:1-27:12
MERGED from [:rn-splash-screen] AndroidManifest.xml:2:1-11:12
MERGED from [:jcore-react-native] AndroidManifest.xml:2:1-60:12
MERGED from [:jpush-react-native] AndroidManifest.xml:2:1-104:12
MERGED from [:react-native-svg] AndroidManifest.xml:2:1-9:12
MERGED from [:react-native-device-info] AndroidManifest.xml:2:1-22:12
MERGED from [:react-native-vector-icons] AndroidManifest.xml:2:1-11:12
MERGED from [:RCTWeChat] AndroidManifest.xml:2:1-17:12
MERGED from [com.facebook.react:react-native:0.55.4] AndroidManifest.xml:2:1-15:12
MERGED from [com.android.support:appcompat-v7:23.0.1] AndroidManifest.xml:17:1-24:12
MERGED from [com.google.android.gms:play-services-gcm:16.0.0] AndroidManifest.xml:17:1-28:12
MERGED from [com.google.android.gms:play-services-iid:16.0.0] AndroidManifest.xml:17:1-28:12
MERGED from [com.google.android.gms:play-services-base:16.0.1] AndroidManifest.xml:17:1-29:12
MERGED from [com.google.android.gms:play-services-stats:16.0.1] AndroidManifest.xml:2:1-9:12
MERGED from [com.google.android.gms:play-services-tasks:16.0.1] AndroidManifest.xml:2:1-9:12
MERGED from [com.google.android.gms:play-services-basement:16.0.1] AndroidManifest.xml:17:1-28:12
MERGED from [com.android.support:support-v4:26.1.0] AndroidManifest.xml:17:1-31:12
MERGED from [com.facebook.fbui.textlayoutbuilder:textlayoutbuilder:1.0.0] AndroidManifest.xml:10:1-18:12
MERGED from [com.facebook.fresco:fresco:1.3.0] AndroidManifest.xml:2:1-9:12
MERGED from [com.facebook.fresco:imagepipeline-okhttp3:1.3.0] AndroidManifest.xml:2:1-9:12
MERGED from [com.facebook.soloader:soloader:0.1.0] AndroidManifest.xml:1:1-4:12
MERGED from [org.webkit:android-jsc:r174650] AndroidManifest.xml:1:1-3:12
MERGED from [com.android.support:support-media-compat:26.1.0] AndroidManifest.xml:17:1-31:12
MERGED from [com.android.support:support-fragment:26.1.0] AndroidManifest.xml:17:1-31:12
MERGED from [com.android.support:support-core-utils:26.1.0] AndroidManifest.xml:17:1-31:12
MERGED from [com.android.support:support-core-ui:26.1.0] AndroidManifest.xml:17:1-31:12
MERGED from [com.android.support:support-compat:26.1.0] AndroidManifest.xml:17:1-31:12
MERGED from [com.facebook.fresco:drawee:1.3.0] AndroidManifest.xml:2:1-9:12
MERGED from [com.facebook.fresco:imagepipeline:1.3.0] AndroidManifest.xml:2:1-9:12
MERGED from [com.facebook.fresco:imagepipeline-base:1.3.0] AndroidManifest.xml:2:1-9:12
MERGED from [com.facebook.fresco:fbcore:1.3.0] AndroidManifest.xml:2:1-9:12
MERGED from [android.arch.lifecycle:runtime:1.0.0] AndroidManifest.xml:17:1-30:12
INJECTED from src/main/AndroidManifest.xml:1:1-63:12
INJECTED from src/main/AndroidManifest.xml:1:1-63:12
INJECTED from src/main/AndroidManifest.xml:1:1-63:12
	package
		ADDED from src/main/AndroidManifest.xml:2:5-26
		INJECTED from src/main/AndroidManifest.xml
		INJECTED from src/main/AndroidManifest.xml
	android:versionName
		INJECTED from src/main/AndroidManifest.xml
		ADDED from src/main/AndroidManifest.xml:1:1-63:12
		INJECTED from src/main/AndroidManifest.xml
	android:versionCode
		INJECTED from src/main/AndroidManifest.xml
		ADDED from src/main/AndroidManifest.xml:1:1-63:12
		INJECTED from src/main/AndroidManifest.xml
	xmlns:android
		ADDED from src/main/AndroidManifest.xml:1:11-69
uses-permission#android.permission.ACCESS_NETWORK_STATE
ADDED from src/main/AndroidManifest.xml:4:5-79
MERGED from [:jpush-react-native] AndroidManifest.xml:26:5-79
MERGED from [:jpush-react-native] AndroidManifest.xml:26:5-79
MERGED from [:RCTWeChat] AndroidManifest.xml:12:5-79
MERGED from [:RCTWeChat] AndroidManifest.xml:12:5-79
	android:name
		ADDED from src/main/AndroidManifest.xml:4:22-76
uses-permission#android.permission.ACCESS_WIFI_STATE
ADDED from src/main/AndroidManifest.xml:6:5-76
MERGED from [:jpush-react-native] AndroidManifest.xml:27:5-76
MERGED from [:jpush-react-native] AndroidManifest.xml:27:5-76
MERGED from [:RCTWeChat] AndroidManifest.xml:13:5-76
MERGED from [:RCTWeChat] AndroidManifest.xml:13:5-76
	android:name
		ADDED from src/main/AndroidManifest.xml:6:22-73
uses-permission#android.permission.CHANGE_WIFI_STATE
ADDED from src/main/AndroidManifest.xml:8:5-76
MERGED from [:jpush-react-native] AndroidManifest.xml:32:5-76
MERGED from [:jpush-react-native] AndroidManifest.xml:32:5-76
	android:name
		ADDED from src/main/AndroidManifest.xml:8:22-73
uses-permission#android.permission.CHANGE_CONFIGURATION
ADDED from src/main/AndroidManifest.xml:9:5-79
	android:name
		ADDED from src/main/AndroidManifest.xml:9:22-76
uses-permission#android.permission.INTERNET
ADDED from src/main/AndroidManifest.xml:11:5-67
MERGED from [:jpush-react-native] AndroidManifest.xml:18:5-67
MERGED from [:jpush-react-native] AndroidManifest.xml:18:5-67
MERGED from [:RCTWeChat] AndroidManifest.xml:11:5-67
MERGED from [:RCTWeChat] AndroidManifest.xml:11:5-67
MERGED from [com.google.android.gms:play-services-gcm:16.0.0] AndroidManifest.xml:24:5-67
MERGED from [com.google.android.gms:play-services-gcm:16.0.0] AndroidManifest.xml:24:5-67
MERGED from [com.google.android.gms:play-services-iid:16.0.0] AndroidManifest.xml:24:5-67
MERGED from [com.google.android.gms:play-services-iid:16.0.0] AndroidManifest.xml:24:5-67
	android:name
		ADDED from src/main/AndroidManifest.xml:11:22-64
uses-permission#android.permission.SYSTEM_ALERT_WINDOW
ADDED from src/main/AndroidManifest.xml:12:5-77
MERGED from [:jpush-react-native] AndroidManifest.xml:30:5-78
MERGED from [:jpush-react-native] AndroidManifest.xml:30:5-78
MERGED from [com.facebook.react:react-native:0.55.4] AndroidManifest.xml:11:5-78
MERGED from [com.facebook.react:react-native:0.55.4] AndroidManifest.xml:11:5-78
	android:name
		ADDED from src/main/AndroidManifest.xml:12:22-75
uses-permission#android.permission.ACCESS_FINE_LOCATION
ADDED from src/main/AndroidManifest.xml:13:5-79
MERGED from [:jpush-react-native] AndroidManifest.xml:33:5-79
MERGED from [:jpush-react-native] AndroidManifest.xml:33:5-79
	android:name
		ADDED from src/main/AndroidManifest.xml:13:22-76
uses-permission#android.permission.ACCESS_COARSE_LOCATION
ADDED from src/main/AndroidManifest.xml:15:5-81
MERGED from [:jpush-react-native] AndroidManifest.xml:31:5-81
MERGED from [:jpush-react-native] AndroidManifest.xml:31:5-81
	android:name
		ADDED from src/main/AndroidManifest.xml:15:22-78
uses-permission#android.permission.ACCESS_LOCATION_EXTRA_COMMANDS
ADDED from src/main/AndroidManifest.xml:18:5-89
MERGED from [:jpush-react-native] AndroidManifest.xml:34:5-89
MERGED from [:jpush-react-native] AndroidManifest.xml:34:5-89
	android:name
		ADDED from src/main/AndroidManifest.xml:18:22-86
uses-permission#android.permission.WRITE_EXTERNAL_STORAGE
ADDED from src/main/AndroidManifest.xml:20:5-81
MERGED from [:react-native-webview-plugin] AndroidManifest.xml:11:5-81
MERGED from [:react-native-webview-plugin] AndroidManifest.xml:11:5-81
MERGED from [:jpush-react-native] AndroidManifest.xml:21:5-81
MERGED from [:jpush-react-native] AndroidManifest.xml:21:5-81
MERGED from [:RCTWeChat] AndroidManifest.xml:15:5-81
MERGED from [:RCTWeChat] AndroidManifest.xml:15:5-81
	android:name
		ADDED from src/main/AndroidManifest.xml:20:22-78
uses-permission#android.permission.READ_EXTERNAL_STORAGE
ADDED from src/main/AndroidManifest.xml:22:5-80
MERGED from [:react-native-webview-plugin] AndroidManifest.xml:12:5-80
MERGED from [:react-native-webview-plugin] AndroidManifest.xml:12:5-80
MERGED from [:jpush-react-native] AndroidManifest.xml:22:5-80
MERGED from [:jpush-react-native] AndroidManifest.xml:22:5-80
	android:name
		ADDED from src/main/AndroidManifest.xml:22:22-77
uses-permission#android.permission.CAMERA
ADDED from src/main/AndroidManifest.xml:24:5-65
MERGED from [:react-native-webview-plugin] AndroidManifest.xml:13:5-65
MERGED from [:react-native-webview-plugin] AndroidManifest.xml:13:5-65
	android:name
		ADDED from src/main/AndroidManifest.xml:24:22-62
application
ADDED from src/main/AndroidManifest.xml:26:5-61:19
MERGED from [:react-native-image-picker] AndroidManifest.xml:11:5-21:19
MERGED from [:react-native-image-picker] AndroidManifest.xml:11:5-21:19
MERGED from [:react-native-webview-plugin] AndroidManifest.xml:15:5-25:19
MERGED from [:react-native-webview-plugin] AndroidManifest.xml:15:5-25:19
MERGED from [:jcore-react-native] AndroidManifest.xml:11:5-58:19
MERGED from [:jcore-react-native] AndroidManifest.xml:11:5-58:19
MERGED from [:jpush-react-native] AndroidManifest.xml:38:5-102:19
MERGED from [:jpush-react-native] AndroidManifest.xml:38:5-102:19
MERGED from [:react-native-device-info] AndroidManifest.xml:11:5-20:19
MERGED from [:react-native-device-info] AndroidManifest.xml:11:5-20:19
MERGED from [com.facebook.react:react-native:0.55.4] AndroidManifest.xml:13:5-20
MERGED from [com.facebook.react:react-native:0.55.4] AndroidManifest.xml:13:5-20
MERGED from [com.android.support:appcompat-v7:23.0.1] AndroidManifest.xml:22:5-20
MERGED from [com.android.support:appcompat-v7:23.0.1] AndroidManifest.xml:22:5-20
MERGED from [com.google.android.gms:play-services-gcm:16.0.0] AndroidManifest.xml:26:5-20
MERGED from [com.google.android.gms:play-services-gcm:16.0.0] AndroidManifest.xml:26:5-20
MERGED from [com.google.android.gms:play-services-iid:16.0.0] AndroidManifest.xml:26:5-20
MERGED from [com.google.android.gms:play-services-iid:16.0.0] AndroidManifest.xml:26:5-20
MERGED from [com.google.android.gms:play-services-base:16.0.1] AndroidManifest.xml:22:5-27:19
MERGED from [com.google.android.gms:play-services-base:16.0.1] AndroidManifest.xml:22:5-27:19
MERGED from [com.google.android.gms:play-services-stats:16.0.1] AndroidManifest.xml:7:5-20
MERGED from [com.google.android.gms:play-services-stats:16.0.1] AndroidManifest.xml:7:5-20
MERGED from [com.google.android.gms:play-services-tasks:16.0.1] AndroidManifest.xml:7:5-20
MERGED from [com.google.android.gms:play-services-tasks:16.0.1] AndroidManifest.xml:7:5-20
MERGED from [com.google.android.gms:play-services-basement:16.0.1] AndroidManifest.xml:22:5-26:19
MERGED from [com.google.android.gms:play-services-basement:16.0.1] AndroidManifest.xml:22:5-26:19
MERGED from [com.android.support:support-v4:26.1.0] AndroidManifest.xml:25:5-29:19
MERGED from [com.android.support:support-v4:26.1.0] AndroidManifest.xml:25:5-29:19
MERGED from [com.facebook.soloader:soloader:0.1.0] AndroidManifest.xml:3:3-17
MERGED from [com.facebook.soloader:soloader:0.1.0] AndroidManifest.xml:3:3-17
MERGED from [org.webkit:android-jsc:r174650] AndroidManifest.xml:2:3-17
MERGED from [org.webkit:android-jsc:r174650] AndroidManifest.xml:2:3-17
MERGED from [com.android.support:support-media-compat:26.1.0] AndroidManifest.xml:25:5-29:19
MERGED from [com.android.support:support-media-compat:26.1.0] AndroidManifest.xml:25:5-29:19
MERGED from [com.android.support:support-fragment:26.1.0] AndroidManifest.xml:25:5-29:19
MERGED from [com.android.support:support-fragment:26.1.0] AndroidManifest.xml:25:5-29:19
MERGED from [com.android.support:support-core-utils:26.1.0] AndroidManifest.xml:25:5-29:19
MERGED from [com.android.support:support-core-utils:26.1.0] AndroidManifest.xml:25:5-29:19
MERGED from [com.android.support:support-core-ui:26.1.0] AndroidManifest.xml:25:5-29:19
MERGED from [com.android.support:support-core-ui:26.1.0] AndroidManifest.xml:25:5-29:19
MERGED from [com.android.support:support-compat:26.1.0] AndroidManifest.xml:25:5-29:19
MERGED from [com.android.support:support-compat:26.1.0] AndroidManifest.xml:25:5-29:19
MERGED from [android.arch.lifecycle:runtime:1.0.0] AndroidManifest.xml:24:5-28:19
MERGED from [android.arch.lifecycle:runtime:1.0.0] AndroidManifest.xml:24:5-28:19
	android:label
		ADDED from src/main/AndroidManifest.xml:28:7-39
	android:icon
		ADDED from src/main/AndroidManifest.xml:29:7-41
	android:allowBackup
		ADDED from src/main/AndroidManifest.xml:30:7-34
	android:theme
		ADDED from src/main/AndroidManifest.xml:31:7-38
	android:name
		ADDED from src/main/AndroidManifest.xml:27:7-38
activity#com.hz_biss.MainActivity
ADDED from src/main/AndroidManifest.xml:32:7-42:18
	android:label
		ADDED from src/main/AndroidManifest.xml:34:9-41
	android:windowSoftInputMode
		ADDED from src/main/AndroidManifest.xml:37:9-51
	android:configChanges
		ADDED from src/main/AndroidManifest.xml:36:9-79
	android:theme
		ADDED from src/main/AndroidManifest.xml:35:9-40
	android:name
		ADDED from src/main/AndroidManifest.xml:33:9-37
intent-filter#action:name:android.intent.action.MAIN+category:name:android.intent.category.LAUNCHER
ADDED from src/main/AndroidManifest.xml:38:9-41:25
action#android.intent.action.MAIN
ADDED from src/main/AndroidManifest.xml:39:13-65
	android:name
		ADDED from src/main/AndroidManifest.xml:39:21-62
category#android.intent.category.LAUNCHER
ADDED from src/main/AndroidManifest.xml:40:13-73
	android:name
		ADDED from src/main/AndroidManifest.xml:40:23-70
activity#com.hz_biss.wxapi.WXEntryActivity
ADDED from src/main/AndroidManifest.xml:43:9-47:11
	android:label
		ADDED from src/main/AndroidManifest.xml:45:17-49
	android:exported
		ADDED from src/main/AndroidManifest.xml:46:17-40
	android:name
		ADDED from src/main/AndroidManifest.xml:44:17-54
activity#com.hz_biss.wxapi.WXPayEntryActivity
ADDED from src/main/AndroidManifest.xml:48:9-52:11
	android:label
		ADDED from src/main/AndroidManifest.xml:50:17-49
	android:exported
		ADDED from src/main/AndroidManifest.xml:51:17-40
	android:name
		ADDED from src/main/AndroidManifest.xml:49:17-57
activity#com.facebook.react.devsupport.DevSettingsActivity
ADDED from src/main/AndroidManifest.xml:60:7-84
	android:name
		ADDED from src/main/AndroidManifest.xml:60:17-81
uses-sdk
INJECTED from src/main/AndroidManifest.xml reason: use-sdk injection requested
INJECTED from src/main/AndroidManifest.xml
INJECTED from src/main/AndroidManifest.xml
MERGED from [:react-native-view-shot] AndroidManifest.xml:7:5-9:41
MERGED from [:react-native-view-shot] AndroidManifest.xml:7:5-9:41
MERGED from [:react-native-image-picker] AndroidManifest.xml:7:5-9:41
MERGED from [:react-native-image-picker] AndroidManifest.xml:7:5-9:41
MERGED from [:react-native-webview-plugin] AndroidManifest.xml:7:5-9:41
MERGED from [:react-native-webview-plugin] AndroidManifest.xml:7:5-9:41
MERGED from [:rn-splash-screen] AndroidManifest.xml:7:5-9:41
MERGED from [:rn-splash-screen] AndroidManifest.xml:7:5-9:41
MERGED from [:jcore-react-native] AndroidManifest.xml:7:5-9:41
MERGED from [:jcore-react-native] AndroidManifest.xml:7:5-9:41
MERGED from [:jpush-react-native] AndroidManifest.xml:7:5-9:41
MERGED from [:jpush-react-native] AndroidManifest.xml:7:5-9:41
MERGED from [:react-native-svg] AndroidManifest.xml:5:5-7:41
MERGED from [:react-native-svg] AndroidManifest.xml:5:5-7:41
MERGED from [:react-native-device-info] AndroidManifest.xml:7:5-9:41
MERGED from [:react-native-device-info] AndroidManifest.xml:7:5-9:41
MERGED from [:react-native-vector-icons] AndroidManifest.xml:7:5-9:41
MERGED from [:react-native-vector-icons] AndroidManifest.xml:7:5-9:41
MERGED from [:RCTWeChat] AndroidManifest.xml:7:5-9:41
MERGED from [:RCTWeChat] AndroidManifest.xml:7:5-9:41
MERGED from [com.facebook.react:react-native:0.55.4] AndroidManifest.xml:7:5-9:41
MERGED from [com.facebook.react:react-native:0.55.4] AndroidManifest.xml:7:5-9:41
MERGED from [com.android.support:appcompat-v7:23.0.1] AndroidManifest.xml:20:5-43
MERGED from [com.android.support:appcompat-v7:23.0.1] AndroidManifest.xml:20:5-43
MERGED from [com.google.android.gms:play-services-gcm:16.0.0] AndroidManifest.xml:20:5-44
MERGED from [com.google.android.gms:play-services-gcm:16.0.0] AndroidManifest.xml:20:5-44
MERGED from [com.google.android.gms:play-services-iid:16.0.0] AndroidManifest.xml:20:5-44
MERGED from [com.google.android.gms:play-services-iid:16.0.0] AndroidManifest.xml:20:5-44
MERGED from [com.google.android.gms:play-services-base:16.0.1] AndroidManifest.xml:20:5-44
MERGED from [com.google.android.gms:play-services-base:16.0.1] AndroidManifest.xml:20:5-44
MERGED from [com.google.android.gms:play-services-stats:16.0.1] AndroidManifest.xml:5:5-44
MERGED from [com.google.android.gms:play-services-stats:16.0.1] AndroidManifest.xml:5:5-44
MERGED from [com.google.android.gms:play-services-tasks:16.0.1] AndroidManifest.xml:5:5-44
MERGED from [com.google.android.gms:play-services-tasks:16.0.1] AndroidManifest.xml:5:5-44
MERGED from [com.google.android.gms:play-services-basement:16.0.1] AndroidManifest.xml:20:5-44
MERGED from [com.google.android.gms:play-services-basement:16.0.1] AndroidManifest.xml:20:5-44
MERGED from [com.android.support:support-v4:26.1.0] AndroidManifest.xml:21:5-23:54
MERGED from [com.android.support:support-v4:26.1.0] AndroidManifest.xml:21:5-23:54
MERGED from [com.facebook.fbui.textlayoutbuilder:textlayoutbuilder:1.0.0] AndroidManifest.xml:14:5-16:41
MERGED from [com.facebook.fbui.textlayoutbuilder:textlayoutbuilder:1.0.0] AndroidManifest.xml:14:5-16:41
MERGED from [com.facebook.fresco:fresco:1.3.0] AndroidManifest.xml:5:5-7:41
MERGED from [com.facebook.fresco:fresco:1.3.0] AndroidManifest.xml:5:5-7:41
MERGED from [com.facebook.fresco:imagepipeline-okhttp3:1.3.0] AndroidManifest.xml:5:5-7:41
MERGED from [com.facebook.fresco:imagepipeline-okhttp3:1.3.0] AndroidManifest.xml:5:5-7:41
MERGED from [com.facebook.soloader:soloader:0.1.0] AndroidManifest.xml:2:3-70
MERGED from [com.facebook.soloader:soloader:0.1.0] AndroidManifest.xml:2:3-70
MERGED from [com.android.support:support-media-compat:26.1.0] AndroidManifest.xml:21:5-23:63
MERGED from [com.android.support:support-media-compat:26.1.0] AndroidManifest.xml:21:5-23:63
MERGED from [com.android.support:support-fragment:26.1.0] AndroidManifest.xml:21:5-23:60
MERGED from [com.android.support:support-fragment:26.1.0] AndroidManifest.xml:21:5-23:60
MERGED from [com.android.support:support-core-utils:26.1.0] AndroidManifest.xml:21:5-23:61
MERGED from [com.android.support:support-core-utils:26.1.0] AndroidManifest.xml:21:5-23:61
MERGED from [com.android.support:support-core-ui:26.1.0] AndroidManifest.xml:21:5-23:58
MERGED from [com.android.support:support-core-ui:26.1.0] AndroidManifest.xml:21:5-23:58
MERGED from [com.android.support:support-compat:26.1.0] AndroidManifest.xml:21:5-23:58
MERGED from [com.android.support:support-compat:26.1.0] AndroidManifest.xml:21:5-23:58
MERGED from [com.facebook.fresco:drawee:1.3.0] AndroidManifest.xml:5:5-7:41
MERGED from [com.facebook.fresco:drawee:1.3.0] AndroidManifest.xml:5:5-7:41
MERGED from [com.facebook.fresco:imagepipeline:1.3.0] AndroidManifest.xml:5:5-7:41
MERGED from [com.facebook.fresco:imagepipeline:1.3.0] AndroidManifest.xml:5:5-7:41
MERGED from [com.facebook.fresco:imagepipeline-base:1.3.0] AndroidManifest.xml:5:5-7:41
MERGED from [com.facebook.fresco:imagepipeline-base:1.3.0] AndroidManifest.xml:5:5-7:41
MERGED from [com.facebook.fresco:fbcore:1.3.0] AndroidManifest.xml:5:5-7:41
MERGED from [com.facebook.fresco:fbcore:1.3.0] AndroidManifest.xml:5:5-7:41
MERGED from [android.arch.lifecycle:runtime:1.0.0] AndroidManifest.xml:20:5-22:41
MERGED from [android.arch.lifecycle:runtime:1.0.0] AndroidManifest.xml:20:5-22:41
INJECTED from src/main/AndroidManifest.xml
INJECTED from src/main/AndroidManifest.xml
	tools:overrideLibrary
		ADDED from [com.android.support:support-v4:26.1.0] AndroidManifest.xml:23:9-51
	android:targetSdkVersion
		INJECTED from src/main/AndroidManifest.xml
		ADDED from src/main/AndroidManifest.xml
		INJECTED from src/main/AndroidManifest.xml
	android:minSdkVersion
		INJECTED from src/main/AndroidManifest.xml
		ADDED from src/main/AndroidManifest.xml
		INJECTED from src/main/AndroidManifest.xml
provider#com.imagepicker.FileProvider
ADDED from [:react-native-image-picker] AndroidManifest.xml:12:9-20:20
	android:grantUriPermissions
		ADDED from [:react-native-image-picker] AndroidManifest.xml:16:13-47
	android:authorities
		ADDED from [:react-native-image-picker] AndroidManifest.xml:14:13-60
	android:exported
		ADDED from [:react-native-image-picker] AndroidManifest.xml:15:13-37
	android:name
		ADDED from [:react-native-image-picker] AndroidManifest.xml:13:13-56
meta-data#android.support.FILE_PROVIDER_PATHS
ADDED from [:react-native-image-picker] AndroidManifest.xml:17:13-19:58
	android:resource
		ADDED from [:react-native-image-picker] AndroidManifest.xml:19:17-55
	android:name
		ADDED from [:react-native-image-picker] AndroidManifest.xml:18:17-67
provider#android.support.v4.content.FileProvider
ADDED from [:react-native-webview-plugin] AndroidManifest.xml:16:9-24:20
	android:grantUriPermissions
		ADDED from [:react-native-webview-plugin] AndroidManifest.xml:20:13-47
	android:authorities
		ADDED from [:react-native-webview-plugin] AndroidManifest.xml:18:13-60
	android:exported
		ADDED from [:react-native-webview-plugin] AndroidManifest.xml:19:13-37
	android:name
		ADDED from [:react-native-webview-plugin] AndroidManifest.xml:17:13-67
service#cn.jpush.android.service.PushService
ADDED from [:jcore-react-native] AndroidManifest.xml:16:9-26:19
	android:enabled
		ADDED from [:jcore-react-native] AndroidManifest.xml:18:13-35
	android:exported
		ADDED from [:jcore-react-native] AndroidManifest.xml:19:13-37
	android:name
		ADDED from [:jcore-react-native] AndroidManifest.xml:17:13-64
intent-filter#action:name:cn.jpush.android.intent.PUSH_TIME+action:name:cn.jpush.android.intent.PushService+action:name:cn.jpush.android.intent.REGISTER+action:name:cn.jpush.android.intent.REPORT
ADDED from [:jcore-react-native] AndroidManifest.xml:20:13-25:29
action#cn.jpush.android.intent.REGISTER
ADDED from [:jcore-react-native] AndroidManifest.xml:21:17-75
	android:name
		ADDED from [:jcore-react-native] AndroidManifest.xml:21:25-72
action#cn.jpush.android.intent.REPORT
ADDED from [:jcore-react-native] AndroidManifest.xml:22:17-73
	android:name
		ADDED from [:jcore-react-native] AndroidManifest.xml:22:25-70
action#cn.jpush.android.intent.PushService
ADDED from [:jcore-react-native] AndroidManifest.xml:23:17-78
	android:name
		ADDED from [:jcore-react-native] AndroidManifest.xml:23:25-75
action#cn.jpush.android.intent.PUSH_TIME
ADDED from [:jcore-react-native] AndroidManifest.xml:24:17-76
	android:name
		ADDED from [:jcore-react-native] AndroidManifest.xml:24:25-73
provider#cn.jpush.android.service.DataProvider
ADDED from [:jcore-react-native] AndroidManifest.xml:29:9-32:39
	android:authorities
		ADDED from [:jcore-react-native] AndroidManifest.xml:31:13-64
	android:exported
		ADDED from [:jcore-react-native] AndroidManifest.xml:32:13-36
	android:name
		ADDED from [:jcore-react-native] AndroidManifest.xml:30:13-65
receiver#cn.jpush.android.service.PushReceiver
ADDED from [:jcore-react-native] AndroidManifest.xml:35:9-54:20
	android:enabled
		ADDED from [:jcore-react-native] AndroidManifest.xml:37:13-35
	android:exported
		ADDED from [:jcore-react-native] AndroidManifest.xml:38:13-37
	android:name
		ADDED from [:jcore-react-native] AndroidManifest.xml:36:13-65
intent-filter#action:name:cn.jpush.android.intent.NOTIFICATION_RECEIVED_PROXY+category:name:${applicationId}
ADDED from [:jcore-react-native] AndroidManifest.xml:39:13-42:29
	android:priority
		ADDED from [:jcore-react-native] AndroidManifest.xml:39:28-51
intent-filter#action:name:cn.jpush.android.intent.NOTIFICATION_RECEIVED_PROXY+category:name:com.hz_biss
ADDED from [:jcore-react-native] AndroidManifest.xml:39:13-42:29
	android:priority
		ADDED from [:jcore-react-native] AndroidManifest.xml:39:28-51
action#cn.jpush.android.intent.NOTIFICATION_RECEIVED_PROXY
ADDED from [:jcore-react-native] AndroidManifest.xml:40:17-94
	android:name
		ADDED from [:jcore-react-native] AndroidManifest.xml:40:25-91
category#${applicationId}
ADDED from [:jcore-react-native] AndroidManifest.xml:41:17-61
	android:name
		ADDED from [:jcore-react-native] AndroidManifest.xml:41:27-58
category#com.hz_biss
ADDED from [:jcore-react-native] AndroidManifest.xml:41:17-61
	android:name
		ADDED from [:jcore-react-native] AndroidManifest.xml:41:27-58
intent-filter#action:name:android.intent.action.USER_PRESENT+action:name:android.net.conn.CONNECTIVITY_CHANGE
ADDED from [:jcore-react-native] AndroidManifest.xml:43:13-46:29
action#android.intent.action.USER_PRESENT
ADDED from [:jcore-react-native] AndroidManifest.xml:44:17-77
	android:name
		ADDED from [:jcore-react-native] AndroidManifest.xml:44:25-74
action#android.net.conn.CONNECTIVITY_CHANGE
ADDED from [:jcore-react-native] AndroidManifest.xml:45:17-79
	android:name
		ADDED from [:jcore-react-native] AndroidManifest.xml:45:25-76
intent-filter#action:name:android.intent.action.PACKAGE_ADDED+action:name:android.intent.action.PACKAGE_REMOVED+data:scheme:package
ADDED from [:jcore-react-native] AndroidManifest.xml:48:13-53:29
action#android.intent.action.PACKAGE_ADDED
ADDED from [:jcore-react-native] AndroidManifest.xml:49:17-78
	android:name
		ADDED from [:jcore-react-native] AndroidManifest.xml:49:25-75
action#android.intent.action.PACKAGE_REMOVED
ADDED from [:jcore-react-native] AndroidManifest.xml:50:17-80
	android:name
		ADDED from [:jcore-react-native] AndroidManifest.xml:50:25-77
data
ADDED from [:jcore-react-native] AndroidManifest.xml:52:17-50
	android:scheme
		ADDED from [:jcore-react-native] AndroidManifest.xml:52:23-47
receiver#cn.jpush.android.service.AlarmReceiver
ADDED from [:jcore-react-native] AndroidManifest.xml:57:9-75
	android:name
		ADDED from [:jcore-react-native] AndroidManifest.xml:57:19-72
permission#${applicationId}.permission.JPUSH_MESSAGE
ADDED from [:jpush-react-native] AndroidManifest.xml:11:5-13:47
	android:protectionLevel
		ADDED from [:jpush-react-native] AndroidManifest.xml:13:9-44
	android:name
		ADDED from [:jpush-react-native] AndroidManifest.xml:12:9-65
permission#com.hz_biss.permission.JPUSH_MESSAGE
ADDED from [:jpush-react-native] AndroidManifest.xml:11:5-13:47
	android:protectionLevel
		ADDED from [:jpush-react-native] AndroidManifest.xml:13:9-44
	android:name
		ADDED from [:jpush-react-native] AndroidManifest.xml:12:9-65
uses-permission#${applicationId}.permission.JPUSH_MESSAGE
ADDED from [:jpush-react-native] AndroidManifest.xml:16:5-81
	android:name
		ADDED from [:jpush-react-native] AndroidManifest.xml:16:22-78
uses-permission#com.hz_biss.permission.JPUSH_MESSAGE
ADDED from [:jpush-react-native] AndroidManifest.xml:16:5-81
	android:name
		ADDED from [:jpush-react-native] AndroidManifest.xml:16:22-78
uses-permission#android.permission.RECEIVE_USER_PRESENT
ADDED from [:jpush-react-native] AndroidManifest.xml:17:5-79
	android:name
		ADDED from [:jpush-react-native] AndroidManifest.xml:17:22-76
uses-permission#android.permission.WAKE_LOCK
ADDED from [:jpush-react-native] AndroidManifest.xml:19:5-68
	android:name
		ADDED from [:jpush-react-native] AndroidManifest.xml:19:22-65
uses-permission#android.permission.READ_PHONE_STATE
ADDED from [:jpush-react-native] AndroidManifest.xml:20:5-75
MERGED from [:RCTWeChat] AndroidManifest.xml:14:5-75
MERGED from [:RCTWeChat] AndroidManifest.xml:14:5-75
	android:name
		ADDED from [:jpush-react-native] AndroidManifest.xml:20:22-72
uses-permission#android.permission.WRITE_SETTINGS
ADDED from [:jpush-react-native] AndroidManifest.xml:23:5-73
	android:name
		ADDED from [:jpush-react-native] AndroidManifest.xml:23:22-70
uses-permission#android.permission.VIBRATE
ADDED from [:jpush-react-native] AndroidManifest.xml:24:5-66
	android:name
		ADDED from [:jpush-react-native] AndroidManifest.xml:24:22-63
uses-permission#android.permission.MOUNT_UNMOUNT_FILESYSTEMS
ADDED from [:jpush-react-native] AndroidManifest.xml:25:5-84
	android:name
		ADDED from [:jpush-react-native] AndroidManifest.xml:25:22-81
uses-permission#android.permission.CHANGE_NETWORK_STATE
ADDED from [:jpush-react-native] AndroidManifest.xml:35:5-79
	android:name
		ADDED from [:jpush-react-native] AndroidManifest.xml:35:22-76
uses-permission#android.permission.GET_TASKS
ADDED from [:jpush-react-native] AndroidManifest.xml:36:5-68
	android:name
		ADDED from [:jpush-react-native] AndroidManifest.xml:36:22-65
activity#cn.jpush.android.ui.PushActivity
ADDED from [:jpush-react-native] AndroidManifest.xml:41:9-52:20
	android:exported
		ADDED from [:jpush-react-native] AndroidManifest.xml:44:13-37
	android:configChanges
		ADDED from [:jpush-react-native] AndroidManifest.xml:43:13-63
	android:theme
		ADDED from [:jpush-react-native] AndroidManifest.xml:45:13-60
	android:name
		ADDED from [:jpush-react-native] AndroidManifest.xml:42:13-60
intent-filter#action:name:cn.jpush.android.ui.PushActivity+category:name:${applicationId}+category:name:android.intent.category.DEFAULT
ADDED from [:jpush-react-native] AndroidManifest.xml:46:13-51:29
intent-filter#action:name:cn.jpush.android.ui.PushActivity+category:name:android.intent.category.DEFAULT+category:name:com.hz_biss
ADDED from [:jpush-react-native] AndroidManifest.xml:46:13-51:29
action#cn.jpush.android.ui.PushActivity
ADDED from [:jpush-react-native] AndroidManifest.xml:47:17-75
	android:name
		ADDED from [:jpush-react-native] AndroidManifest.xml:47:25-72
category#android.intent.category.DEFAULT
ADDED from [:jpush-react-native] AndroidManifest.xml:49:17-76
	android:name